<?xml version="1.0" encoding="UTF-8"?>
<testng-results skipped="0" failed="0" ignored="0" total="2" passed="2">
  <reporter-output>
  </reporter-output>
  <suite name="Suite" duration-ms="39481" started-at="2018-11-18T05:32:01Z" finished-at="2018-11-18T05:32:41Z">
    <groups>
      <group name="cucumber">
        <method signature="AbstractTestNGCucumberTests.feature(cucumber.api.testng.CucumberFeatureWrapper)[pri:0, instance:com.runner.TestNgRunner@727803de]" name="feature" class="cucumber.api.testng.AbstractTestNGCucumberTests"/>
      </group> <!-- cucumber -->
    </groups>
    <test name="Test" duration-ms="39481" started-at="2018-11-18T05:32:01Z" finished-at="2018-11-18T05:32:41Z">
      <class name="com.runner.TestNgRunner">
        <test-method status="PASS" signature="setUpClass()[pri:0, instance:com.runner.TestNgRunner@727803de]" name="setUpClass" is-config="true" duration-ms="663" started-at="2018-11-18T05:32:01Z" finished-at="2018-11-18T05:32:02Z">
          <reporter-output>
          </reporter-output>
        </test-method> <!-- setUpClass -->
        <test-method status="PASS" signature="feature(cucumber.api.testng.CucumberFeatureWrapper)[pri:0, instance:com.runner.TestNgRunner@727803de]" name="feature" duration-ms="22565" started-at="2018-11-18T05:32:02Z" description="Runs Cucumber Feature" data-provider="features" finished-at="2018-11-18T05:32:25Z">
          <params>
            <param index="0">
              <value>
                <![CDATA[Cart function validation]]>
              </value>
            </param>
          </params>
          <reporter-output>
          </reporter-output>
        </test-method> <!-- feature -->
        <test-method status="PASS" signature="feature(cucumber.api.testng.CucumberFeatureWrapper)[pri:0, instance:com.runner.TestNgRunner@727803de]" name="feature" duration-ms="15277" started-at="2018-11-18T05:32:25Z" description="Runs Cucumber Feature" data-provider="features" finished-at="2018-11-18T05:32:40Z">
          <params>
            <param index="0">
              <value>
                <![CDATA[Payment function validation]]>
              </value>
            </param>
          </params>
          <reporter-output>
          </reporter-output>
        </test-method> <!-- feature -->
        <test-method status="PASS" signature="teardown()[pri:0, instance:com.runner.TestNgRunner@727803de]" name="teardown" is-config="true" duration-ms="81" started-at="2018-11-18T05:32:40Z" finished-at="2018-11-18T05:32:40Z">
          <reporter-output>
          </reporter-output>
        </test-method> <!-- teardown -->
        <test-method status="PASS" signature="tearDownClass()[pri:0, instance:com.runner.TestNgRunner@727803de]" name="tearDownClass" is-config="true" duration-ms="652" started-at="2018-11-18T05:32:40Z" finished-at="2018-11-18T05:32:41Z">
          <reporter-output>
          </reporter-output>
        </test-method> <!-- tearDownClass -->
      </class> <!-- com.runner.TestNgRunner -->
    </test> <!-- Test -->
  </suite> <!-- Suite -->
</testng-results>
