<?xml version="1.0" encoding="UTF-8"?>
<!-- Generated by org.testng.reporters.JUnitXMLReporter -->
<testsuite hostname="DESKTOP-A7L5GQS" ignored="0" name="Default test" tests="2" failures="0" timestamp="18 Nov 2018 01:55:42 GMT" time="40.758" errors="0">
  <testcase name="feature" time="22.889" classname="cucumber.api.testng.AbstractTestNGCucumberTests"/>
  <testcase name="feature" time="16.291" classname="cucumber.api.testng.AbstractTestNGCucumberTests"/>
</testsuite> <!-- Default test -->
